This is e-upTeX, Version 3.141592653-p4.1.1-u1.30-230214-2.6 (utf8.sjis) (TeX Live 2024) (preloaded format=platex 2025.2.15)  15 FEB 2025 16:17
entering extended mode
 restricted \write18 enabled.
 %&-line parsing enabled.
**preamble.250215
(./preamble.250215
pLaTeX2e <2023-02-14>+1, based on
LaTeX2e <2024-11-01> patch level 2
L3 programming layer <2025-01-18>

! LaTeX Error: \usepackage before \documentclass.

See the LaTeX manual or LaTeX Companion for explanation.
Type  H <return>  for immediate help.
 ...                                              
                                                  
l.2 \usepackage{
                amsmath,amssymb,amsfonts,amsthm,ascmac}
? 
! Emergency stop.
 ...                                              
                                                  
l.2 \usepackage{
                amsmath,amssymb,amsfonts,amsthm,ascmac}
\usepackage may only appear in the document preamble, i.e.,
between \documentclass and \begin{document}.

 
Here is how much of TeX's memory you used:
 17 strings out of 473863
 449 string characters out of 5734891
 385714 words of memory out of 5000000
 23369 multiletter control sequences out of 15000+600000
 562708 words of font info for 53 fonts, out of 8000000 for 9000
 929 hyphenation exceptions out of 8191
 15i,0n,23p,69b,18s stack positions out of 10000i,1000n,20000p,200000b,200000s
No pages of output.
