This is e-pTeX, Version 3.14159265-p3.8.1-180901-2.6 (utf8.sjis) (TeX Live 2018/W32TeX) (preloaded format=platex 2018.12.11)  31 MAY 2022 18:22
entering extended mode
 restricted \write18 enabled.
 %&-line parsing enabled.
**preamble.tex
(./preamble.tex
pLaTeX2e <2018-12-01> (based on LaTeX2e <2018-12-01>)

! LaTeX Error: \usepackage before \documentclass.

See the LaTeX manual or LaTeX Companion for explanation.
Type  H <return>  for immediate help.
 ...                                              
                                                  
l.2 \usepackage{
                amsmath,amssymb,amsfonts,amsthm,ascmac}
? 
! Emergency stop.
 ...                                              
                                                  
l.2 \usepackage{
                amsmath,amssymb,amsfonts,amsthm,ascmac}
\usepackage may only appear in the document preamble, i.e.,
between \documentclass and \begin{document}.

 
Here is how much of TeX's memory you used:
 6 strings out of 493224
 196 string characters out of 6146014
 61848 words of memory out of 5000000
 4089 multiletter control sequences out of 15000+600000
 7511 words of font info for 31 fonts, out of 8000000 for 9000
 929 hyphenation exceptions out of 8191
 5i,0n,5p,66b,14s stack positions out of 5000i,500n,10000p,500000b,80000s
No pages of output.
